Last login: Fri Oct 25 18:30:51 on ttys000
^[[A%                                                                           (base) jaydencruz@Jaydens-MacBook-Air ~ % ssh -i Desktop/ComputerOrganization/CruzJ-CSC-2110.pem ec2-user@98.81.245.217

A newer release of "Amazon Linux" is available.
  Version 2023.5.20240903:
  Version 2023.5.20240916:
  Version 2023.5.20241001:
  Version 2023.6.20241010:
Run "/usr/bin/dnf check-release-update" for full release and version update info
   ,     #_
   ~\_  ####_        Amazon Linux 2023
  ~~  \_#####\
  ~~     \###|
  ~~       \#/ ___   https://aws.amazon.com/linux/amazon-linux-2023
   ~~       V~' '->
    ~~~         /
      ~~._.   _/
         _/ _/
       _/m/'
Last login: Fri Oct 25 23:32:08 2024 from 142.147.71.87
[ec2-user@ip-172-31-20-41 ~]$ cd tutorials
[ec2-user@ip-172-31-20-41 tutorials]$ cd t7
[ec2-user@ip-172-31-20-41 t7]$  gcc -o t7shm.s -S ../t7/t7m.cpp
cc1plus: fatal error: ../t7/t7m.cpp: No such file or directory
compilation terminated.
[ec2-user@ip-172-31-20-41 t7]$  gcc -o t7shm.s -S ../t7/t7shm.cpp
[ec2-user@ip-172-31-20-41 t7]$ make t7sh
gcc  -c t7sh.s
t7sh.s: Assembler messages:
t7sh.s: Warning: end of file not at end of a line; newline inserted
gcc  -c t7shm.s
c++  -o t7sh t7sh.o t7shm.o
[ec2-user@ip-172-31-20-41 t7]$ ./t7sh
Count Permutations, perm(n, k)
Please enter whole numbers separated by sopaces, 'q' to quit.

n k > 5 2
perm(5, 2) = 0 computed in 9.44e-07 seconds 
n k > 4 2
perm(4, 2) = 0 computed in 1.042e-06 seconds 
n k > 5 2
perm(5, 2) = 0 computed in 9.84e-07 seconds 
n k > 5 3
perm(5, 3) = 0 computed in 1.025e-06 seconds 
n k > 5 3
perm(5, 3) = 0 computed in 1.01e-06 seconds 
n k > 10 2
perm(10, 2) = 0 computed in 9.28e-07 seconds 
n k > 10000 10000
perm(10000, 10000) = 0 computed in 9.2127e-05 seconds 
n k > 
